<?xml version="1.0" encoding="UTF-8"?>
<!-- Generated by org.testng.reporters.JUnitReportReporter -->
<testsuite hostname="LAPTOP-EKHVOIMF" failures="0" tests="1" name="testNG.Testcase3" time="8.740" errors="0" timestamp="2023-03-05T13:13:01 IST" skipped="0">
  <testcase classname="testNG.Testcase3" name="tc3" time="8.740"/>
  <system-out/>
</testsuite> <!-- testNG.Testcase3 -->
