<?xml version="1.0" encoding="UTF-8"?>
<!-- Generated by org.testng.reporters.JUnitReportReporter -->
<testsuite hostname="LAPTOP-EKHVOIMF" failures="0" tests="3" name="testNG.Test0" time="0.019" errors="0" timestamp="2023-03-05T12:22:03 IST" skipped="1">
  <testcase classname="testNG.Test0" name="calls" time="0.017"/>
  <system-out>
    <![CDATA[calls]]>
  </system-out>
  <testcase classname="testNG.Test0" name="settings" time="0.002"/>
  <system-out>
    <![CDATA[Setting]]>
  </system-out>
  <testcase classname="testNG.Test0" name="chats">
    <skipped/>
  </testcase> <!-- chats -->
  <system-out/>
</testsuite> <!-- testNG.Test0 -->
