<?xml version="1.0" encoding="UTF-8"?>
<!-- Generated by org.testng.reporters.JUnitReportReporter -->
<testsuite hostname="LAPTOP-EKHVOIMF" failures="0" tests="1" name="testNG.TestCase2" time="4.818" errors="0" timestamp="2023-03-05T13:13:01 IST" skipped="0">
  <testcase classname="testNG.TestCase2" name="tc2" time="4.818"/>
  <system-out>
    <![CDATA[Forgotten Password | Can't Log In | Facebook
https://www.facebook.com/login/identify/?ctx=recover&ars=facebook_login&from_login_screen=0]]>
  </system-out>
</testsuite> <!-- testNG.TestCase2 -->
